#
# There is insufficient memory for the Java Runtime Environment to continue.
# Native memory allocation (mmap) failed to map 260046848 bytes for Failed to commit area from 0x0000000708e00000 to 0x0000000718600000 of length 260046848.
# Possible reasons:
#   The system is out of physical RAM or swap space
#   The process is running with CompressedOops enabled, and the Java Heap may be blocking the growth of the native heap
# Possible solutions:
#   Reduce memory load on the system
#   Increase physical memory or swap space
#   Check if swap backing store is full
#   Decrease Java heap size (-Xmx/-Xms)
#   Decrease number of Java threads
#   Decrease Java thread stack sizes (-Xss)
#   Set larger code cache with -XX:ReservedCodeCacheSize=
# This output file may be truncated or incomplete.
#
#  Out of Memory Error (./src/hotspot/os/windows/os_windows.cpp:3380), pid=20296, tid=20908
#
# JRE version:  (11.0.12+7) (build )
# Java VM: OpenJDK 64-Bit Server VM (11.0.12+7, mixed mode, sharing, tiered, compressed oops, g1 gc, windows-amd64)
# No core dump will be written. Minidumps are not enabled by default on client versions of Windows
#

---------------  S U M M A R Y ------------

Command Line: 

Host: AMD Ryzen 5 1600X Six-Core Processor           , 12 cores, 15G,  Windows 10 , 64 bit Build 19041 (10.0.19041.3636)
Time: Thu May  9 15:14:33 2024 RTZ 4 (зима) elapsed time: 0.015349 seconds (0d 0h 0m 0s)

---------------  T H R E A D  ---------------

Current thread (0x00000294fc16d800):  JavaThread "Unknown thread" [_thread_in_vm, id=20908, stack(0x0000009fe8700000,0x0000009fe8800000)]

Stack: [0x0000009fe8700000,0x0000009fe8800000]
Native frames: (J=compiled Java code, j=interpreted, Vv=VM code, C=native code)
V  [jvm.dll+0x6090fa]
V  [jvm.dll+0x79229e]
V  [jvm.dll+0x79396f]
V  [jvm.dll+0x794033]
V  [jvm.dll+0x24bed8]
V  [jvm.dll+0x60624a]
V  [jvm.dll+0x5facf5]
V  [jvm.dll+0x303b5c]
V  [jvm.dll+0x3039e2]
V  [jvm.dll+0x308706]
V  [jvm.dll+0x34d5cf]
V  [jvm.dll+0x34d000]
V  [jvm.dll+0x2e0c68]
V  [jvm.dll+0x2e1dc6]
V  [jvm.dll+0x76d627]
V  [jvm.dll+0x76edaf]
V  [jvm.dll+0x35a359]
V  [jvm.dll+0x750710]
V  [jvm.dll+0x3c1f8f]
V  [jvm.dll+0x3c4461]
C  [jli.dll+0x5207]
C  [ucrtbase.dll+0x21bb2]
C  [KERNEL32.DLL+0x17344]
C  [ntdll.dll+0x526b1]


---------------  P R O C E S S  ---------------

Threads class SMR info:
_java_thread_list=0x00000294fc094450, length=0, elements={
}

Java Threads: ( => current thread )

Other Threads:
  0x00000294fe3ea000 GCTaskThread "GC Thread#0" [stack: 0x0000009fe8800000,0x0000009fe8900000] [id=20892]
  0x00000294fe445000 ConcurrentGCThread "G1 Main Marker" [stack: 0x0000009fe8900000,0x0000009fe8a00000] [id=20888]
  0x00000294fe44a800 ConcurrentGCThread "G1 Conc#0" [stack: 0x0000009fe8a00000,0x0000009fe8b00000] [id=20896]

[error occurred during error reporting (printing all threads), id 0xc0000005, EXCEPTION_ACCESS_VIOLATION (0xc0000005) at pc=0x00007ffdee360337]

VM state:not at safepoint (not fully initialized)

VM Mutex/Monitor currently owned by a thread:  ([mutex/lock_event])
[0x00000294fe3d3bb0] Heap_lock - owner thread: 0x00000294fc16d800

Heap address: 0x0000000708e00000, size: 3954 MB, Compressed Oops mode: Non-zero based: 0x0000000708e00000
Narrow klass base: 0x0000000000000000, Narrow klass shift: 0

GC Heap History (0 events):
No events

Deoptimization events (0 events):
No events

Classes redefined (0 events):
No events

Internal exceptions (0 events):
No events

Events (1 events):
Event: 0.008 Loaded shared library C:\Program Files\Microsoft\jdk-11.0.12.7-hotspot\bin\zip.dll


Dynamic libraries:
0x00007ff678460000 - 0x00007ff67846d000 	C:\Program Files\Microsoft\jdk-11.0.12.7-hotspot\bin\java.exe
0x00007ffed08d0000 - 0x00007ffed0ac8000 	C:\Windows\SYSTEM32\ntdll.dll
0x00007ffecf820000 - 0x00007ffecf8dd000 	C:\Windows\System32\KERNEL32.DLL
0x00007ffece390000 - 0x00007ffece686000 	C:\Windows\System32\KERNELBASE.dll
0x00007ffece760000 - 0x00007ffece860000 	C:\Windows\System32\ucrtbase.dll
0x00007ffdeeca0000 - 0x00007ffdeecb7000 	C:\Program Files\Microsoft\jdk-11.0.12.7-hotspot\bin\jli.dll
0x00007ffdeec80000 - 0x00007ffdeec95000 	C:\Program Files\Microsoft\jdk-11.0.12.7-hotspot\bin\VCRUNTIME140.dll
0x00007ffecf8e0000 - 0x00007ffecfa7f000 	C:\Windows\System32\USER32.dll
0x00007ffec0850000 - 0x00007ffec0aea000 	C:\Windows\WinSxS\amd64_microsoft.windows.common-controls_6595b64144ccf1df_6.0.19041.3636_none_60b6a03d71f818d5\COMCTL32.dll
0x00007ffece730000 - 0x00007ffece752000 	C:\Windows\System32\win32u.dll
0x00007ffecf520000 - 0x00007ffecf54b000 	C:\Windows\System32\GDI32.dll
0x00007ffed0420000 - 0x00007ffed04be000 	C:\Windows\System32\msvcrt.dll
0x00007ffecdfd0000 - 0x00007ffece0e7000 	C:\Windows\System32\gdi32full.dll
0x00007ffece690000 - 0x00007ffece72d000 	C:\Windows\System32\msvcp_win.dll
0x00007ffed0340000 - 0x00007ffed0372000 	C:\Windows\System32\IMM32.DLL
0x00007ffdeebe0000 - 0x00007ffdeec7b000 	C:\Program Files\Microsoft\jdk-11.0.12.7-hotspot\bin\msvcp140.dll
0x00007ffdee070000 - 0x00007ffdeebd1000 	C:\Program Files\Microsoft\jdk-11.0.12.7-hotspot\bin\server\jvm.dll
0x00007ffecfa80000 - 0x00007ffecfb30000 	C:\Windows\System32\ADVAPI32.dll
0x00007ffed05b0000 - 0x00007ffed0650000 	C:\Windows\System32\sechost.dll
0x00007ffed0760000 - 0x00007ffed0883000 	C:\Windows\System32\RPCRT4.dll
0x00007ffece8d0000 - 0x00007ffece8f7000 	C:\Windows\System32\bcrypt.dll
0x00007ffece900000 - 0x00007ffece908000 	C:\Windows\System32\PSAPI.DLL
0x00007ffeb7690000 - 0x00007ffeb7699000 	C:\Windows\SYSTEM32\WSOCK32.dll
0x00007ffebef50000 - 0x00007ffebef77000 	C:\Windows\SYSTEM32\WINMM.dll
0x00007ffed04c0000 - 0x00007ffed052b000 	C:\Windows\System32\WS2_32.dll
0x00007ffec75a0000 - 0x00007ffec75aa000 	C:\Windows\SYSTEM32\VERSION.dll
0x00007ffecbdd0000 - 0x00007ffecbde2000 	C:\Windows\SYSTEM32\kernel.appcore.dll
0x00007ffe49000000 - 0x00007ffe49010000 	C:\Program Files\Microsoft\jdk-11.0.12.7-hotspot\bin\verify.dll
0x00007ffebed20000 - 0x00007ffebef04000 	C:\Windows\SYSTEM32\DBGHELP.DLL
0x00007ffeb81b0000 - 0x00007ffeb81e4000 	C:\Windows\SYSTEM32\dbgcore.DLL
0x00007ffece250000 - 0x00007ffece2d2000 	C:\Windows\System32\bcryptPrimitives.dll
0x00007ffdee040000 - 0x00007ffdee068000 	C:\Program Files\Microsoft\jdk-11.0.12.7-hotspot\bin\java.dll
0x00007ffdee030000 - 0x00007ffdee03a000 	C:\Program Files\Microsoft\jdk-11.0.12.7-hotspot\bin\jimage.dll
0x00007ffdee010000 - 0x00007ffdee027000 	C:\Program Files\Microsoft\jdk-11.0.12.7-hotspot\bin\zip.dll

dbghelp: loaded successfully - version: 4.0.5 - missing functions: none
symbol engine: initialized successfully - sym options: 0x614 - pdb path: .;C:\Program Files\Microsoft\jdk-11.0.12.7-hotspot\bin;C:\Windows\SYSTEM32;C:\Windows\WinSxS\amd64_microsoft.windows.common-controls_6595b64144ccf1df_6.0.19041.3636_none_60b6a03d71f818d5;C:\Program Files\Microsoft\jdk-11.0.12.7-hotspot\bin\server

VM Arguments:
java_command: <unknown>
java_class_path (initial): <not set>
Launcher Type: SUN_STANDARD

[Global flags]
     intx CICompilerCount                          = 4                                         {product} {ergonomic}
     uint ConcGCThreads                            = 3                                         {product} {ergonomic}
     uint G1ConcRefinementThreads                  = 10                                        {product} {ergonomic}
   size_t G1HeapRegionSize                         = 1048576                                   {product} {ergonomic}
    uintx GCDrainStackTargetSize                   = 64                                        {product} {ergonomic}
   size_t InitialHeapSize                          = 260046848                                 {product} {ergonomic}
   size_t MarkStackSize                            = 4194304                                   {product} {ergonomic}
   size_t MaxHeapSize                              = 4146069504                                {product} {ergonomic}
   size_t MinHeapDeltaBytes                        = 1048576                                   {product} {ergonomic}
    uintx NonNMethodCodeHeapSize                   = 5836300                                {pd product} {ergonomic}
    uintx NonProfiledCodeHeapSize                  = 122910970                              {pd product} {ergonomic}
    uintx ProfiledCodeHeapSize                     = 122910970                              {pd product} {ergonomic}
    uintx ReservedCodeCacheSize                    = 251658240                              {pd product} {ergonomic}
     bool SegmentedCodeCache                       = true                                      {product} {ergonomic}
     bool UseCompressedClassPointers               = true                                 {lp64_product} {ergonomic}
     bool UseCompressedOops                        = true                                 {lp64_product} {ergonomic}
     bool UseG1GC                                  = true                                      {product} {ergonomic}
     bool UseLargePagesIndividualAllocation        = false                                  {pd product} {ergonomic}

Logging:
Log output configuration:
 #0: stdout all=warning uptime,level,tags
 #1: stderr all=off uptime,level,tags

Environment Variables:
PATH=C:\Program Files\Microsoft\jdk-11.0.12.7-hotspot\bin;C:\Python311\Scripts\;C:\Python311\;C:\ProgramData\Oracle\Java\javapath;C:\Windows\system32;C:\Windows;C:\Windows\System32\Wbem;C:\Windows\System32\WindowsPowerShell\v1.0\;C:\Windows\System32\OpenSSH\;C:\Program Files\NVIDIA Corporation\NVIDIA NvDLISR;C:\Program Files (x86)\NVIDIA Corporation\PhysX\Common;C:\Program Files\Microsoft SQL Server\150\Tools\Binn\;C:\Program Files\Microsoft SQL Server\Client SDK\ODBC\170\Tools\Binn\;C:\Program Files\dotnet\;C:\Program Files\Git\cmd;C:\Program Files\nodejs\;C:\ProgramData\chocolatey\bin;C:\Program Files\PostgreSQL\14\bin\;C:\Program Files\Docker\Docker\resources\bin;C:\Php;C:\ProgramData\ComposerSetup\bin;C:\Program Files (x86)\ZeroTier\One\;C:\Users\denis\AppData\Local\Microsoft\WindowsApps;C:\Users\denis\.dotnet\tools;C:\Program Files\JetBrains\PyCharm Community Edition 2022.2.3\bin;C:\Users\denis\AppData\Local\Programs\Fiddler;C:\Users\denis\AppData\Local\Programs\Microsoft VS Code\bin;C:\Users\denis\AppData\Roaming\npm;C:\Program Files (x86)\FreeArc\bin;C:\Users\denis\AppData\Roaming\Composer\vendor\bin;C:\Program Files\JetBrains\PhpStorm 2023.1\bin;C:\Users\denis\AppData\Local\JetBrains\Toolbox\scripts;
USERNAME=denis
OS=Windows_NT
PROCESSOR_IDENTIFIER=AMD64 Family 23 Model 1 Stepping 1, AuthenticAMD



---------------  S Y S T E M  ---------------

OS: Windows 10 , 64 bit Build 19041 (10.0.19041.3636)
OS uptime: 0 days 2:49 hours
Hyper-V role detected

CPU:total 12 (initial active 12) (12 cores per cpu, 2 threads per core) family 23 model 1 stepping 1 microcode 0x0, cmov, cx8, fxsr, mmx, sse, sse2, sse3, ssse3, sse4.1, sse4.2, popcnt, avx, avx2, aes, clmul, mmxext, 3dnowpref, lzcnt, sse4a, ht, tsc, tscinvbit, tscinv, bmi1, bmi2, adx, sha, fma

Memory: 4k page, system-wide physical 15814M (2047M free)
TotalPageFile size 22857M (AvailPageFile size 182M)
current process WorkingSet (physical memory assigned to process): 10M, peak: 10M
current process commit charge ("private bytes"): 64M, peak: 312M

vm_info: OpenJDK 64-Bit Server VM (11.0.12+7) for windows-amd64 JRE (11.0.12+7), built on Jul 21 2021 15:41:43 by "" with unknown MS VC++:1916

END.
